<?xml version="1.0" encoding="UTF-8"?>
<testng-results skipped="0" failed="0" ignored="0" total="1" passed="1">
  <reporter-output>
  </reporter-output>
  <suite name="Default suite" duration-ms="128" started-at="2022-03-14T16:16:14 IST" finished-at="2022-03-14T16:16:14 IST">
    <groups>
    </groups>
    <test name="Default test" duration-ms="128" started-at="2022-03-14T16:16:14 IST" finished-at="2022-03-14T16:16:14 IST">
      <class name="contactTest.ReadDataTest">
        <test-method status="PASS" signature="readDataTest()[pri:0, instance:contactTest.ReadDataTest@7d0587f1]" name="readDataTest" duration-ms="11" started-at="2022-03-14T16:16:14 IST" finished-at="2022-03-14T16:16:14 IST">
          <reporter-output>
          </reporter-output>
        </test-method> <!-- readDataTest -->
      </class> <!-- contactTest.ReadDataTest -->
    </test> <!-- Default test -->
  </suite> <!-- Default suite -->
</testng-results>
